

Version:	3.14
CmdLine:	C:\Users\User\Documents\NetBeansProjects\Reto2Formulario\ejecutable.exe --l4j-debug
WOW64:		yes
Working dir:	C:\Users\User\Documents\NetBeansProjects\Reto2Formulario\.
Java min ver:	1.011.000
Java max ver:	
64-bit search:	SOFTWARE\JavaSoft\Java Runtime Environment...
Check:		SOFTWARE\JavaSoft\Java Runtime Environment\1.8
Ignore:		1.008.000
Check:		SOFTWARE\JavaSoft\Java Runtime Environment\1.8.0_333
Ignore:		1.008.000_333
32-bit search:	SOFTWARE\JavaSoft\Java Runtime Environment...
64-bit search:	SOFTWARE\JavaSoft\Java Development Kit...
Check:		SOFTWARE\JavaSoft\Java Development Kit\1.8
Ignore:		1.008.000
Check:		SOFTWARE\JavaSoft\Java Development Kit\1.8.0_333
Ignore:		1.008.000_333
32-bit search:	SOFTWARE\JavaSoft\Java Development Kit...
64-bit search:	SOFTWARE\JavaSoft\JRE...
32-bit search:	SOFTWARE\JavaSoft\JRE...
64-bit search:	SOFTWARE\JavaSoft\JDK...
Check:		SOFTWARE\JavaSoft\JDK\11.0.15
Check launcher:	C:\Program Files\Java\jdk-11.0.15\bin\javaw.exe (OK)
Match:		1.011.000_015
Check:		SOFTWARE\JavaSoft\JDK\11.0.15.1
Warning:	formatJavaVersion() too many parts added.
Ignore:		1.011.000_015
Runtime used:	1.011.000_015 (64-bit)
Launcher:	C:\Program Files\Java\jdk-11.0.15\bin\javaw.exe
Launcher args:	-jar "C:\Users\User\Documents\NetBeansProjects\Reto2Formulario\ejecutable.exe"
Args length:	78/32768 chars
Exit code:	0


Version:	3.14
CmdLine:	C:\Users\User\Documents\NetBeansProjects\Reto2Formulario\ejecutable.exe --l4j-debug
WOW64:		yes
Working dir:	C:\Users\User\Documents\NetBeansProjects\Reto2Formulario\.
Java min ver:	1.011.000
Java max ver:	
64-bit search:	SOFTWARE\JavaSoft\Java Runtime Environment...
Check:		SOFTWARE\JavaSoft\Java Runtime Environment\1.8
Ignore:		1.008.000
Check:		SOFTWARE\JavaSoft\Java Runtime Environment\1.8.0_333
Ignore:		1.008.000_333
32-bit search:	SOFTWARE\JavaSoft\Java Runtime Environment...
64-bit search:	SOFTWARE\JavaSoft\Java Development Kit...
Check:		SOFTWARE\JavaSoft\Java Development Kit\1.8
Ignore:		1.008.000
Check:		SOFTWARE\JavaSoft\Java Development Kit\1.8.0_333
Ignore:		1.008.000_333
32-bit search:	SOFTWARE\JavaSoft\Java Development Kit...
64-bit search:	SOFTWARE\JavaSoft\JRE...
32-bit search:	SOFTWARE\JavaSoft\JRE...
64-bit search:	SOFTWARE\JavaSoft\JDK...
Check:		SOFTWARE\JavaSoft\JDK\11.0.15
Check launcher:	C:\Program Files\Java\jdk-11.0.15\bin\javaw.exe (OK)
Match:		1.011.000_015
Check:		SOFTWARE\JavaSoft\JDK\11.0.15.1
Warning:	formatJavaVersion() too many parts added.
Ignore:		1.011.000_015
Runtime used:	1.011.000_015 (64-bit)
Launcher:	C:\Program Files\Java\jdk-11.0.15\bin\javaw.exe
Launcher args:	-jar "C:\Users\User\Documents\NetBeansProjects\Reto2Formulario\ejecutable.exe"
Args length:	78/32768 chars
Exit code:	0


Version:	3.14
CmdLine:	C:\Users\User\Documents\NetBeansProjects\Reto2Formulario\ejecutable.exe --l4j-debug
WOW64:		yes
Working dir:	C:\Users\User\Documents\NetBeansProjects\Reto2Formulario\.
Java min ver:	1.011.000
Java max ver:	
64-bit search:	SOFTWARE\JavaSoft\Java Runtime Environment...
Check:		SOFTWARE\JavaSoft\Java Runtime Environment\1.8
Ignore:		1.008.000
Check:		SOFTWARE\JavaSoft\Java Runtime Environment\1.8.0_333
Ignore:		1.008.000_333
32-bit search:	SOFTWARE\JavaSoft\Java Runtime Environment...
64-bit search:	SOFTWARE\JavaSoft\Java Development Kit...
Check:		SOFTWARE\JavaSoft\Java Development Kit\1.8
Ignore:		1.008.000
Check:		SOFTWARE\JavaSoft\Java Development Kit\1.8.0_333
Ignore:		1.008.000_333
32-bit search:	SOFTWARE\JavaSoft\Java Development Kit...
64-bit search:	SOFTWARE\JavaSoft\JRE...
32-bit search:	SOFTWARE\JavaSoft\JRE...
64-bit search:	SOFTWARE\JavaSoft\JDK...
Check:		SOFTWARE\JavaSoft\JDK\11.0.15
Check launcher:	C:\Program Files\Java\jdk-11.0.15\bin\javaw.exe (OK)
Match:		1.011.000_015
Check:		SOFTWARE\JavaSoft\JDK\11.0.15.1
Warning:	formatJavaVersion() too many parts added.
Ignore:		1.011.000_015
Runtime used:	1.011.000_015 (64-bit)
Launcher:	C:\Program Files\Java\jdk-11.0.15\bin\javaw.exe
Launcher args:	-jar "C:\Users\User\Documents\NetBeansProjects\Reto2Formulario\ejecutable.exe"
Args length:	78/32768 chars
Exit code:	0
